[  0%] Built target std_msgs_generate_messages_eus
[  0%] Built target _hark_msgs_generate_messages_check_deps_HarkJuliusSrcVal
[  0%] Built target _hark_msgs_generate_messages_check_deps_HarkSrcFeature
[  0%] Built target _hark_msgs_generate_messages_check_deps_HarkSrcWave
[  0%] Built target _hark_msgs_generate_messages_check_deps_HarkFeature
[  0%] Built target _hark_msgs_generate_messages_check_deps_HarkJulius
[  0%] Built target _hark_msgs_generate_messages_check_deps_HarkSource
[  0%] Built target _hark_msgs_generate_messages_check_deps_HarkSourceVal
[  0%] Built target _hark_msgs_generate_messages_check_deps_HarkFFT
[  0%] Built target _hark_msgs_generate_messages_check_deps_HarkIntSrv
[  0%] Built target _hark_msgs_generate_messages_check_deps_HarkWaveVal
[  0%] Built target _hark_msgs_generate_messages_check_deps_HarkSrcFeatureMFMVal
[  0%] Built target _hark_msgs_generate_messages_check_deps_HarkInt
[  0%] Built target _hark_msgs_generate_messages_check_deps_HarkFeatureVal
[  0%] Built target _hark_msgs_generate_messages_check_deps_HarkSrcWaveVal
[  0%] Built target _hark_msgs_generate_messages_check_deps_HarkSrcFeatureMFM
[  0%] Built target _hark_msgs_generate_messages_check_deps_HarkWave
[  0%] Built target _hark_msgs_generate_messages_check_deps_HarkSrcFeatureVal
[  0%] Built target _hark_msgs_generate_messages_check_deps_HarkSrcFFT
[  0%] Built target _hark_msgs_generate_messages_check_deps_HarkSrcFFTVal
[  0%] Built target std_msgs_generate_messages_lisp
[  0%] Built target _hark_msgs_generate_messages_check_deps_HarkJuliusSrc
[  0%] Built target std_msgs_generate_messages_cpp
[  0%] Built target std_msgs_generate_messages_nodejs
[  0%] Built target std_msgs_generate_messages_py
[  0%] Built target _hark_msgs_generate_messages_check_deps_HarkFFTVal
[ 37%] Built target hark_msgs_generate_messages_py
[ 41%] Built target hark_msgs_generate_messages_lisp
[ 62%] Built target hark_msgs_generate_messages_eus
[ 81%] Built target hark_msgs_generate_messages_cpp
[100%] Built target hark_msgs_generate_messages_nodejs
[100%] Built target hark_msgs_generate_messages
