[35m[1mScanning dependencies of target _hark_msgs_generate_messages_check_deps_HarkJulius[0m
[35m[1mScanning dependencies of target _hark_msgs_generate_messages_check_deps_HarkJuliusSrcVal[0m
[35m[1mScanning dependencies of target _hark_msgs_generate_messages_check_deps_HarkFFT[0m
[35m[1mScanning dependencies of target _hark_msgs_generate_messages_check_deps_HarkFeature[0m
[35m[1mScanning dependencies of target _hark_msgs_generate_messages_check_deps_HarkSrcWave[0m
[35m[1mScanning dependencies of target _hark_msgs_generate_messages_check_deps_HarkSource[0m
[35m[1mScanning dependencies of target std_msgs_generate_messages_eus[0m
[35m[1mScanning dependencies of target _hark_msgs_generate_messages_check_deps_HarkSourceVal[0m
[  0%] Built target std_msgs_generate_messages_eus
[35m[1mScanning dependencies of target _hark_msgs_generate_messages_check_deps_HarkSrcFeature[0m
[  0%] Built target _hark_msgs_generate_messages_check_deps_HarkFeature
[  0%] Built target _hark_msgs_generate_messages_check_deps_HarkSrcWave
[  0%] Built target _hark_msgs_generate_messages_check_deps_HarkJuliusSrcVal
[  0%] Built target _hark_msgs_generate_messages_check_deps_HarkJulius
[  0%] Built target _hark_msgs_generate_messages_check_deps_HarkSource
[  0%] Built target _hark_msgs_generate_messages_check_deps_HarkFFT
[35m[1mScanning dependencies of target _hark_msgs_generate_messages_check_deps_HarkInt[0m
[35m[1mScanning dependencies of target _hark_msgs_generate_messages_check_deps_HarkWaveVal[0m
[35m[1mScanning dependencies of target _hark_msgs_generate_messages_check_deps_HarkIntSrv[0m
[35m[1mScanning dependencies of target _hark_msgs_generate_messages_check_deps_HarkSrcFeatureMFMVal[0m
[  0%] Built target _hark_msgs_generate_messages_check_deps_HarkSourceVal
[35m[1mScanning dependencies of target _hark_msgs_generate_messages_check_deps_HarkSrcFFT[0m
[35m[1mScanning dependencies of target _hark_msgs_generate_messages_check_deps_HarkSrcFeatureVal[0m
[35m[1mScanning dependencies of target _hark_msgs_generate_messages_check_deps_HarkWave[0m
[35m[1mScanning dependencies of target _hark_msgs_generate_messages_check_deps_HarkFeatureVal[0m
[  0%] Built target _hark_msgs_generate_messages_check_deps_HarkSrcFeature
[  0%] Built target _hark_msgs_generate_messages_check_deps_HarkIntSrv
[  0%] Built target _hark_msgs_generate_messages_check_deps_HarkInt
[35m[1mScanning dependencies of target _hark_msgs_generate_messages_check_deps_HarkSrcWaveVal[0m
[  0%] Built target _hark_msgs_generate_messages_check_deps_HarkSrcFFT
[35m[1mScanning dependencies of target _hark_msgs_generate_messages_check_deps_HarkSrcFeatureMFM[0m
[  0%] Built target _hark_msgs_generate_messages_check_deps_HarkSrcFeatureMFMVal
[  0%] Built target _hark_msgs_generate_messages_check_deps_HarkSrcFeatureVal
[  0%] Built target _hark_msgs_generate_messages_check_deps_HarkWaveVal
[35m[1mScanning dependencies of target _hark_msgs_generate_messages_check_deps_HarkJuliusSrc[0m
[35m[1mScanning dependencies of target _hark_msgs_generate_messages_check_deps_HarkSrcFFTVal[0m
[35m[1mScanning dependencies of target _hark_msgs_generate_messages_check_deps_HarkFFTVal[0m
[  0%] Built target _hark_msgs_generate_messages_check_deps_HarkWave
[35m[1mScanning dependencies of target std_msgs_generate_messages_lisp[0m
[35m[1mScanning dependencies of target std_msgs_generate_messages_cpp[0m
[  0%] Built target _hark_msgs_generate_messages_check_deps_HarkFeatureVal
[  0%] Built target std_msgs_generate_messages_lisp
[35m[1mScanning dependencies of target std_msgs_generate_messages_nodejs[0m
[  0%] Built target std_msgs_generate_messages_nodejs
[35m[1mScanning dependencies of target std_msgs_generate_messages_py[0m
[  0%] Built target _hark_msgs_generate_messages_check_deps_HarkSrcWaveVal
[  0%] Built target std_msgs_generate_messages_cpp
[  0%] Built target std_msgs_generate_messages_py
[  0%] Built target _hark_msgs_generate_messages_check_deps_HarkSrcFeatureMFM
[  0%] Built target _hark_msgs_generate_messages_check_deps_HarkJuliusSrc
[  0%] Built target _hark_msgs_generate_messages_check_deps_HarkSrcFFTVal
[  0%] Built target _hark_msgs_generate_messages_check_deps_HarkFFTVal
[35m[1mScanning dependencies of target hark_msgs_generate_messages_nodejs[0m
[35m[1mScanning dependencies of target hark_msgs_generate_messages_lisp[0m
[35m[1mScanning dependencies of target hark_msgs_generate_messages_eus[0m
[35m[1mScanning dependencies of target hark_msgs_generate_messages_cpp[0m
[35m[1mScanning dependencies of target hark_msgs_generate_messages_py[0m
[  1%] [34m[1mGenerating EusLisp code from hark_msgs/HarkFeature.msg[0m
[  2%] [34m[1mGenerating Lisp code from hark_msgs/HarkJuliusSrcVal.msg[0m
[  3%] [34m[1mGenerating EusLisp code from hark_msgs/HarkJuliusSrcVal.msg[0m
[  3%] [34m[1mGenerating Javascript code from hark_msgs/HarkJuliusSrcVal.msg[0m
[  4%] [34m[1mGenerating Javascript code from hark_msgs/HarkFeature.msg[0m
[  5%] [34m[1mGenerating EusLisp code from hark_msgs/HarkSrcFeatureMFMVal.msg[0m
[  6%] [34m[1mGenerating Javascript code from hark_msgs/HarkSrcFeatureMFMVal.msg[0m
[  7%] [34m[1mGenerating Python from MSG hark_msgs/HarkJuliusSrcVal[0m
[  8%] [34m[1mGenerating C++ code from hark_msgs/HarkJuliusSrcVal.msg[0m
[  9%] [34m[1mGenerating EusLisp code from hark_msgs/HarkSource.msg[0m
[ 10%] [34m[1mGenerating Javascript code from hark_msgs/HarkSource.msg[0m
[ 12%] [34m[1mGenerating Lisp code from hark_msgs/HarkFeature.msg[0m
[ 13%] [34m[1mGenerating Python from MSG hark_msgs/HarkFeature[0m
[ 13%] [34m[1mGenerating C++ code from hark_msgs/HarkFeature.msg[0m
[ 14%] [34m[1mGenerating C++ code from hark_msgs/HarkSrcFeatureMFMVal.msg[0m
[ 15%] [34m[1mGenerating C++ code from hark_msgs/HarkSource.msg[0m
[ 16%] [34m[1mGenerating Javascript code from hark_msgs/HarkWave.msg[0m
[ 16%] [34m[1mGenerating Lisp code from hark_msgs/HarkSrcFeatureMFMVal.msg[0m
[ 16%] [34m[1mGenerating EusLisp code from hark_msgs/HarkSrcFFTVal.msg[0m
[ 17%] [34m[1mGenerating EusLisp code from hark_msgs/HarkWave.msg[0m
[ 18%] [34m[1mGenerating Lisp code from hark_msgs/HarkSource.msg[0m
[ 19%] [34m[1mGenerating Javascript code from hark_msgs/HarkSrcFFTVal.msg[0m
[ 20%] [34m[1mGenerating Lisp code from hark_msgs/HarkWave.msg[0m
[ 20%] [34m[1mGenerating Javascript code from hark_msgs/HarkSrcFeatureMFM.msg[0m
[ 21%] [34m[1mGenerating Python from MSG hark_msgs/HarkSrcFeatureMFMVal[0m
[ 23%] [34m[1mGenerating EusLisp code from hark_msgs/HarkSrcFeatureMFM.msg[0m
[ 24%] [34m[1mGenerating Javascript code from hark_msgs/HarkSrcFeatureVal.msg[0m
[ 25%] [34m[1mGenerating Lisp code from hark_msgs/HarkSrcFFTVal.msg[0m
[ 26%] [34m[1mGenerating Javascript code from hark_msgs/HarkSrcWaveVal.msg[0m
[ 27%] [34m[1mGenerating EusLisp code from hark_msgs/HarkSrcFeatureVal.msg[0m
[ 28%] [34m[1mGenerating C++ code from hark_msgs/HarkWave.msg[0m
[ 29%] [34m[1mGenerating C++ code from hark_msgs/HarkSrcFFTVal.msg[0m
[ 30%] [34m[1mGenerating C++ code from hark_msgs/HarkSrcFeatureMFM.msg[0m
[ 31%] [34m[1mGenerating Lisp code from hark_msgs/HarkSrcFeatureMFM.msg[0m
[ 32%] [34m[1mGenerating Lisp code from hark_msgs/HarkSrcFeatureVal.msg[0m
[ 34%] [34m[1mGenerating Javascript code from hark_msgs/HarkSrcFeature.msg[0m
[ 35%] [34m[1mGenerating Python from MSG hark_msgs/HarkSource[0m
[ 36%] [34m[1mGenerating EusLisp code from hark_msgs/HarkSrcWaveVal.msg[0m
[ 37%] [34m[1mGenerating EusLisp code from hark_msgs/HarkSrcFeature.msg[0m
[ 37%] [34m[1mGenerating Lisp code from hark_msgs/HarkSrcWaveVal.msg[0m
[ 38%] [34m[1mGenerating Javascript code from hark_msgs/HarkSourceVal.msg[0m
[ 39%] [34m[1mGenerating Javascript code from hark_msgs/HarkSrcWave.msg[0m
[ 40%] [34m[1mGenerating Lisp code from hark_msgs/HarkSrcFeature.msg[0m
[ 41%] [34m[1mGenerating Lisp code from hark_msgs/HarkSourceVal.msg[0m
[ 42%] [34m[1mGenerating EusLisp code from hark_msgs/HarkSourceVal.msg[0m
[ 42%] [34m[1mGenerating EusLisp code from hark_msgs/HarkSrcWave.msg[0m
[ 42%] [34m[1mGenerating C++ code from hark_msgs/HarkSrcFeatureVal.msg[0m
[ 42%] [34m[1mGenerating Python from MSG hark_msgs/HarkWave[0m
[ 42%] [34m[1mGenerating Javascript code from hark_msgs/HarkFFT.msg[0m
[ 43%] [34m[1mGenerating Lisp code from hark_msgs/HarkSrcWave.msg[0m
[ 45%] [34m[1mGenerating Javascript code from hark_msgs/HarkSrcFFT.msg[0m
[ 46%] [34m[1mGenerating EusLisp code from hark_msgs/HarkFFT.msg[0m
[ 47%] [34m[1mGenerating EusLisp code from hark_msgs/HarkFeatureVal.msg[0m
[ 48%] [34m[1mGenerating EusLisp code from hark_msgs/HarkSrcFFT.msg[0m
[ 49%] [34m[1mGenerating Javascript code from hark_msgs/HarkFeatureVal.msg[0m
[ 50%] [34m[1mGenerating Lisp code from hark_msgs/HarkFFT.msg[0m
[ 51%] [34m[1mGenerating EusLisp code from hark_msgs/HarkInt.msg[0m
[ 52%] [34m[1mGenerating Python from MSG hark_msgs/HarkSrcFFTVal[0m
[ 52%] [34m[1mGenerating Lisp code from hark_msgs/HarkFeatureVal.msg[0m
[ 53%] [34m[1mGenerating Lisp code from hark_msgs/HarkSrcFFT.msg[0m
[ 54%] [34m[1mGenerating Javascript code from hark_msgs/HarkInt.msg[0m
[ 56%] [34m[1mGenerating Javascript code from hark_msgs/HarkJuliusSrc.msg[0m
[ 57%] [34m[1mGenerating Javascript code from hark_msgs/HarkJulius.msg[0m
[ 58%] [34m[1mGenerating C++ code from hark_msgs/HarkSrcWaveVal.msg[0m
[ 59%] [34m[1mGenerating Lisp code from hark_msgs/HarkInt.msg[0m
[ 60%] [34m[1mGenerating C++ code from hark_msgs/HarkSrcFeature.msg[0m
[ 61%] [34m[1mGenerating C++ code from hark_msgs/HarkSourceVal.msg[0m
[ 62%] [34m[1mGenerating EusLisp code from hark_msgs/HarkJuliusSrc.msg[0m
[ 63%] [34m[1mGenerating Python from MSG hark_msgs/HarkSrcFeatureMFM[0m
[ 64%] [34m[1mGenerating Lisp code from hark_msgs/HarkJuliusSrc.msg[0m
[ 64%] [34m[1mGenerating Javascript code from hark_msgs/HarkWaveVal.msg[0m
[ 65%] [34m[1mGenerating EusLisp code from hark_msgs/HarkJulius.msg[0m
[ 67%] [34m[1mGenerating Javascript code from hark_msgs/HarkFFTVal.msg[0m
[ 68%] [34m[1mGenerating Javascript code from hark_msgs/HarkIntSrv.srv[0m
[ 69%] [34m[1mGenerating Lisp code from hark_msgs/HarkJulius.msg[0m
[ 69%] [34m[1mGenerating EusLisp code from hark_msgs/HarkWaveVal.msg[0m
[ 70%] [34m[1mGenerating EusLisp code from hark_msgs/HarkFFTVal.msg[0m
[ 70%] Built target hark_msgs_generate_messages_nodejs
[ 71%] [34m[1mGenerating Lisp code from hark_msgs/HarkWaveVal.msg[0m
[ 72%] [34m[1mGenerating C++ code from hark_msgs/HarkSrcWave.msg[0m
[ 73%] [34m[1mGenerating Python from MSG hark_msgs/HarkSrcFeatureVal[0m
[ 74%] [34m[1mGenerating C++ code from hark_msgs/HarkFFT.msg[0m
[ 75%] [34m[1mGenerating Lisp code from hark_msgs/HarkFFTVal.msg[0m
[ 76%] [34m[1mGenerating EusLisp code from hark_msgs/HarkIntSrv.srv[0m
[ 78%] [34m[1mGenerating EusLisp manifest code for hark_msgs[0m
[ 79%] [34m[1mGenerating C++ code from hark_msgs/HarkSrcFFT.msg[0m
[ 80%] [34m[1mGenerating Lisp code from hark_msgs/HarkIntSrv.srv[0m
[ 81%] [34m[1mGenerating Python from MSG hark_msgs/HarkSrcWaveVal[0m
[ 82%] [34m[1mGenerating Python from MSG hark_msgs/HarkSrcFeature[0m
[ 82%] Built target hark_msgs_generate_messages_lisp
[ 82%] [34m[1mGenerating Python from MSG hark_msgs/HarkSourceVal[0m
[ 83%] [34m[1mGenerating Python from MSG hark_msgs/HarkSrcWave[0m
[ 84%] [34m[1mGenerating Python from MSG hark_msgs/HarkFFT[0m
[ 84%] [34m[1mGenerating C++ code from hark_msgs/HarkFeatureVal.msg[0m
[ 85%] [34m[1mGenerating C++ code from hark_msgs/HarkInt.msg[0m
[ 86%] [34m[1mGenerating C++ code from hark_msgs/HarkJuliusSrc.msg[0m
[ 87%] [34m[1mGenerating Python from MSG hark_msgs/HarkSrcFFT[0m
[ 89%] [34m[1mGenerating C++ code from hark_msgs/HarkJulius.msg[0m
[ 90%] [34m[1mGenerating Python from MSG hark_msgs/HarkFeatureVal[0m
[ 91%] [34m[1mGenerating C++ code from hark_msgs/HarkWaveVal.msg[0m
[ 92%] [34m[1mGenerating C++ code from hark_msgs/HarkFFTVal.msg[0m
[ 92%] [34m[1mGenerating C++ code from hark_msgs/HarkIntSrv.srv[0m
[ 93%] [34m[1mGenerating Python from MSG hark_msgs/HarkInt[0m
[ 93%] [34m[1mGenerating Python from MSG hark_msgs/HarkJuliusSrc[0m
[ 94%] [34m[1mGenerating Python from MSG hark_msgs/HarkJulius[0m
[ 95%] [34m[1mGenerating Python from MSG hark_msgs/HarkWaveVal[0m
[ 95%] Built target hark_msgs_generate_messages_eus
[ 96%] [34m[1mGenerating Python from MSG hark_msgs/HarkFFTVal[0m
[ 96%] Built target hark_msgs_generate_messages_cpp
[ 97%] [34m[1mGenerating Python code from SRV hark_msgs/HarkIntSrv[0m
[ 98%] [34m[1mGenerating Python msg __init__.py for hark_msgs[0m
[100%] [34m[1mGenerating Python srv __init__.py for hark_msgs[0m
[100%] Built target hark_msgs_generate_messages_py
[35m[1mScanning dependencies of target hark_msgs_generate_messages[0m
[100%] Built target hark_msgs_generate_messages
