Linked: (/home/tracy/catkin_ws/devel/.private/hark_msgs/lib/python2.7/dist-packages/hark_msgs/__init__.py, /home/tracy/catkin_ws/devel/lib/python2.7/dist-packages/hark_msgs/__init__.py)
Linked: (/home/tracy/catkin_ws/devel/.private/hark_msgs/lib/python2.7/dist-packages/hark_msgs/srv/_HarkIntSrv.py, /home/tracy/catkin_ws/devel/lib/python2.7/dist-packages/hark_msgs/srv/_HarkIntSrv.py)
Linked: (/home/tracy/catkin_ws/devel/.private/hark_msgs/lib/python2.7/dist-packages/hark_msgs/srv/__init__.py, /home/tracy/catkin_ws/devel/lib/python2.7/dist-packages/hark_msgs/srv/__init__.py)
Linked: (/home/tracy/catkin_ws/devel/.private/hark_msgs/lib/python2.7/dist-packages/hark_msgs/msg/_HarkWaveVal.py, /home/tracy/catkin_ws/devel/lib/python2.7/dist-packages/hark_msgs/msg/_HarkWaveVal.py)
Linked: (/home/tracy/catkin_ws/devel/.private/hark_msgs/lib/python2.7/dist-packages/hark_msgs/msg/_HarkSrcFFTVal.py, /home/tracy/catkin_ws/devel/lib/python2.7/dist-packages/hark_msgs/msg/_HarkSrcFFTVal.py)
Linked: (/home/tracy/catkin_ws/devel/.private/hark_msgs/lib/python2.7/dist-packages/hark_msgs/msg/_HarkSrcWave.py, /home/tracy/catkin_ws/devel/lib/python2.7/dist-packages/hark_msgs/msg/_HarkSrcWave.py)
Linked: (/home/tracy/catkin_ws/devel/.private/hark_msgs/lib/python2.7/dist-packages/hark_msgs/msg/_HarkJuliusSrc.py, /home/tracy/catkin_ws/devel/lib/python2.7/dist-packages/hark_msgs/msg/_HarkJuliusSrc.py)
Linked: (/home/tracy/catkin_ws/devel/.private/hark_msgs/lib/python2.7/dist-packages/hark_msgs/msg/_HarkFeature.py, /home/tracy/catkin_ws/devel/lib/python2.7/dist-packages/hark_msgs/msg/_HarkFeature.py)
Linked: (/home/tracy/catkin_ws/devel/.private/hark_msgs/lib/python2.7/dist-packages/hark_msgs/msg/_HarkInt.py, /home/tracy/catkin_ws/devel/lib/python2.7/dist-packages/hark_msgs/msg/_HarkInt.py)
Linked: (/home/tracy/catkin_ws/devel/.private/hark_msgs/lib/python2.7/dist-packages/hark_msgs/msg/_HarkJuliusSrcVal.py, /home/tracy/catkin_ws/devel/lib/python2.7/dist-packages/hark_msgs/msg/_HarkJuliusSrcVal.py)
Linked: (/home/tracy/catkin_ws/devel/.private/hark_msgs/lib/python2.7/dist-packages/hark_msgs/msg/_HarkJulius.py, /home/tracy/catkin_ws/devel/lib/python2.7/dist-packages/hark_msgs/msg/_HarkJulius.py)
Linked: (/home/tracy/catkin_ws/devel/.private/hark_msgs/lib/python2.7/dist-packages/hark_msgs/msg/_HarkSourceVal.py, /home/tracy/catkin_ws/devel/lib/python2.7/dist-packages/hark_msgs/msg/_HarkSourceVal.py)
Linked: (/home/tracy/catkin_ws/devel/.private/hark_msgs/lib/python2.7/dist-packages/hark_msgs/msg/_HarkSrcFeatureMFMVal.py, /home/tracy/catkin_ws/devel/lib/python2.7/dist-packages/hark_msgs/msg/_HarkSrcFeatureMFMVal.py)
Linked: (/home/tracy/catkin_ws/devel/.private/hark_msgs/lib/python2.7/dist-packages/hark_msgs/msg/_HarkFFT.py, /home/tracy/catkin_ws/devel/lib/python2.7/dist-packages/hark_msgs/msg/_HarkFFT.py)
Linked: (/home/tracy/catkin_ws/devel/.private/hark_msgs/lib/python2.7/dist-packages/hark_msgs/msg/_HarkSrcFeatureVal.py, /home/tracy/catkin_ws/devel/lib/python2.7/dist-packages/hark_msgs/msg/_HarkSrcFeatureVal.py)
Linked: (/home/tracy/catkin_ws/devel/.private/hark_msgs/lib/python2.7/dist-packages/hark_msgs/msg/_HarkFeatureVal.py, /home/tracy/catkin_ws/devel/lib/python2.7/dist-packages/hark_msgs/msg/_HarkFeatureVal.py)
Linked: (/home/tracy/catkin_ws/devel/.private/hark_msgs/lib/python2.7/dist-packages/hark_msgs/msg/_HarkFFTVal.py, /home/tracy/catkin_ws/devel/lib/python2.7/dist-packages/hark_msgs/msg/_HarkFFTVal.py)
Linked: (/home/tracy/catkin_ws/devel/.private/hark_msgs/lib/python2.7/dist-packages/hark_msgs/msg/_HarkSrcFeatureMFM.py, /home/tracy/catkin_ws/devel/lib/python2.7/dist-packages/hark_msgs/msg/_HarkSrcFeatureMFM.py)
Linked: (/home/tracy/catkin_ws/devel/.private/hark_msgs/lib/python2.7/dist-packages/hark_msgs/msg/_HarkSource.py, /home/tracy/catkin_ws/devel/lib/python2.7/dist-packages/hark_msgs/msg/_HarkSource.py)
Linked: (/home/tracy/catkin_ws/devel/.private/hark_msgs/lib/python2.7/dist-packages/hark_msgs/msg/_HarkSrcFFT.py, /home/tracy/catkin_ws/devel/lib/python2.7/dist-packages/hark_msgs/msg/_HarkSrcFFT.py)
Linked: (/home/tracy/catkin_ws/devel/.private/hark_msgs/lib/python2.7/dist-packages/hark_msgs/msg/_HarkWave.py, /home/tracy/catkin_ws/devel/lib/python2.7/dist-packages/hark_msgs/msg/_HarkWave.py)
Linked: (/home/tracy/catkin_ws/devel/.private/hark_msgs/lib/python2.7/dist-packages/hark_msgs/msg/_HarkSrcWaveVal.py, /home/tracy/catkin_ws/devel/lib/python2.7/dist-packages/hark_msgs/msg/_HarkSrcWaveVal.py)
Linked: (/home/tracy/catkin_ws/devel/.private/hark_msgs/lib/python2.7/dist-packages/hark_msgs/msg/_HarkSrcFeature.py, /home/tracy/catkin_ws/devel/lib/python2.7/dist-packages/hark_msgs/msg/_HarkSrcFeature.py)
Linked: (/home/tracy/catkin_ws/devel/.private/hark_msgs/lib/python2.7/dist-packages/hark_msgs/msg/__init__.py, /home/tracy/catkin_ws/devel/lib/python2.7/dist-packages/hark_msgs/msg/__init__.py)
Linked: (/home/tracy/catkin_ws/devel/.private/hark_msgs/share/hark_msgs/cmake/hark_msgs-msg-paths.cmake, /home/tracy/catkin_ws/devel/share/hark_msgs/cmake/hark_msgs-msg-paths.cmake)
Linked: (/home/tracy/catkin_ws/devel/.private/hark_msgs/share/common-lisp/ros/hark_msgs/srv/_package_HarkIntSrv.lisp, /home/tracy/catkin_ws/devel/share/common-lisp/ros/hark_msgs/srv/_package_HarkIntSrv.lisp)
Linked: (/home/tracy/catkin_ws/devel/.private/hark_msgs/share/common-lisp/ros/hark_msgs/srv/_package.lisp, /home/tracy/catkin_ws/devel/share/common-lisp/ros/hark_msgs/srv/_package.lisp)
Linked: (/home/tracy/catkin_ws/devel/.private/hark_msgs/share/common-lisp/ros/hark_msgs/srv/HarkIntSrv.lisp, /home/tracy/catkin_ws/devel/share/common-lisp/ros/hark_msgs/srv/HarkIntSrv.lisp)
Linked: (/home/tracy/catkin_ws/devel/.private/hark_msgs/share/common-lisp/ros/hark_msgs/srv/hark_msgs-srv.asd, /home/tracy/catkin_ws/devel/share/common-lisp/ros/hark_msgs/srv/hark_msgs-srv.asd)
Linked: (/home/tracy/catkin_ws/devel/.private/hark_msgs/share/common-lisp/ros/hark_msgs/msg/_package_HarkFeatureVal.lisp, /home/tracy/catkin_ws/devel/share/common-lisp/ros/hark_msgs/msg/_package_HarkFeatureVal.lisp)
Linked: (/home/tracy/catkin_ws/devel/.private/hark_msgs/share/common-lisp/ros/hark_msgs/msg/_package_HarkSrcWaveVal.lisp, /home/tracy/catkin_ws/devel/share/common-lisp/ros/hark_msgs/msg/_package_HarkSrcWaveVal.lisp)
Linked: (/home/tracy/catkin_ws/devel/.private/hark_msgs/share/common-lisp/ros/hark_msgs/msg/_package_HarkJuliusSrc.lisp, /home/tracy/catkin_ws/devel/share/common-lisp/ros/hark_msgs/msg/_package_HarkJuliusSrc.lisp)
Linked: (/home/tracy/catkin_ws/devel/.private/hark_msgs/share/common-lisp/ros/hark_msgs/msg/HarkFeatureVal.lisp, /home/tracy/catkin_ws/devel/share/common-lisp/ros/hark_msgs/msg/HarkFeatureVal.lisp)
Linked: (/home/tracy/catkin_ws/devel/.private/hark_msgs/share/common-lisp/ros/hark_msgs/msg/_package_HarkFFTVal.lisp, /home/tracy/catkin_ws/devel/share/common-lisp/ros/hark_msgs/msg/_package_HarkFFTVal.lisp)
Linked: (/home/tracy/catkin_ws/devel/.private/hark_msgs/share/common-lisp/ros/hark_msgs/msg/HarkSrcFFT.lisp, /home/tracy/catkin_ws/devel/share/common-lisp/ros/hark_msgs/msg/HarkSrcFFT.lisp)
Linked: (/home/tracy/catkin_ws/devel/.private/hark_msgs/share/common-lisp/ros/hark_msgs/msg/_package_HarkFeature.lisp, /home/tracy/catkin_ws/devel/share/common-lisp/ros/hark_msgs/msg/_package_HarkFeature.lisp)
Linked: (/home/tracy/catkin_ws/devel/.private/hark_msgs/share/common-lisp/ros/hark_msgs/msg/hark_msgs-msg.asd, /home/tracy/catkin_ws/devel/share/common-lisp/ros/hark_msgs/msg/hark_msgs-msg.asd)
Linked: (/home/tracy/catkin_ws/devel/.private/hark_msgs/share/common-lisp/ros/hark_msgs/msg/HarkSrcWave.lisp, /home/tracy/catkin_ws/devel/share/common-lisp/ros/hark_msgs/msg/HarkSrcWave.lisp)
Linked: (/home/tracy/catkin_ws/devel/.private/hark_msgs/share/common-lisp/ros/hark_msgs/msg/_package_HarkSourceVal.lisp, /home/tracy/catkin_ws/devel/share/common-lisp/ros/hark_msgs/msg/_package_HarkSourceVal.lisp)
Linked: (/home/tracy/catkin_ws/devel/.private/hark_msgs/share/common-lisp/ros/hark_msgs/msg/_package_HarkSrcFeatureMFM.lisp, /home/tracy/catkin_ws/devel/share/common-lisp/ros/hark_msgs/msg/_package_HarkSrcFeatureMFM.lisp)
Linked: (/home/tracy/catkin_ws/devel/.private/hark_msgs/share/common-lisp/ros/hark_msgs/msg/_package_HarkSrcWave.lisp, /home/tracy/catkin_ws/devel/share/common-lisp/ros/hark_msgs/msg/_package_HarkSrcWave.lisp)
Linked: (/home/tracy/catkin_ws/devel/.private/hark_msgs/share/common-lisp/ros/hark_msgs/msg/HarkJuliusSrcVal.lisp, /home/tracy/catkin_ws/devel/share/common-lisp/ros/hark_msgs/msg/HarkJuliusSrcVal.lisp)
Linked: (/home/tracy/catkin_ws/devel/.private/hark_msgs/share/common-lisp/ros/hark_msgs/msg/_package_HarkSrcFeature.lisp, /home/tracy/catkin_ws/devel/share/common-lisp/ros/hark_msgs/msg/_package_HarkSrcFeature.lisp)
Linked: (/home/tracy/catkin_ws/devel/.private/hark_msgs/share/common-lisp/ros/hark_msgs/msg/HarkFFT.lisp, /home/tracy/catkin_ws/devel/share/common-lisp/ros/hark_msgs/msg/HarkFFT.lisp)
Linked: (/home/tracy/catkin_ws/devel/.private/hark_msgs/share/common-lisp/ros/hark_msgs/msg/HarkWave.lisp, /home/tracy/catkin_ws/devel/share/common-lisp/ros/hark_msgs/msg/HarkWave.lisp)
Linked: (/home/tracy/catkin_ws/devel/.private/hark_msgs/share/common-lisp/ros/hark_msgs/msg/HarkSrcFeatureMFMVal.lisp, /home/tracy/catkin_ws/devel/share/common-lisp/ros/hark_msgs/msg/HarkSrcFeatureMFMVal.lisp)
Linked: (/home/tracy/catkin_ws/devel/.private/hark_msgs/share/common-lisp/ros/hark_msgs/msg/HarkWaveVal.lisp, /home/tracy/catkin_ws/devel/share/common-lisp/ros/hark_msgs/msg/HarkWaveVal.lisp)
Linked: (/home/tracy/catkin_ws/devel/.private/hark_msgs/share/common-lisp/ros/hark_msgs/msg/_package.lisp, /home/tracy/catkin_ws/devel/share/common-lisp/ros/hark_msgs/msg/_package.lisp)
Linked: (/home/tracy/catkin_ws/devel/.private/hark_msgs/share/common-lisp/ros/hark_msgs/msg/_package_HarkSrcFFTVal.lisp, /home/tracy/catkin_ws/devel/share/common-lisp/ros/hark_msgs/msg/_package_HarkSrcFFTVal.lisp)
Linked: (/home/tracy/catkin_ws/devel/.private/hark_msgs/share/common-lisp/ros/hark_msgs/msg/_package_HarkWave.lisp, /home/tracy/catkin_ws/devel/share/common-lisp/ros/hark_msgs/msg/_package_HarkWave.lisp)
Linked: (/home/tracy/catkin_ws/devel/.private/hark_msgs/share/common-lisp/ros/hark_msgs/msg/HarkFFTVal.lisp, /home/tracy/catkin_ws/devel/share/common-lisp/ros/hark_msgs/msg/HarkFFTVal.lisp)
Linked: (/home/tracy/catkin_ws/devel/.private/hark_msgs/share/common-lisp/ros/hark_msgs/msg/_package_HarkJulius.lisp, /home/tracy/catkin_ws/devel/share/common-lisp/ros/hark_msgs/msg/_package_HarkJulius.lisp)
Linked: (/home/tracy/catkin_ws/devel/.private/hark_msgs/share/common-lisp/ros/hark_msgs/msg/_package_HarkSrcFeatureVal.lisp, /home/tracy/catkin_ws/devel/share/common-lisp/ros/hark_msgs/msg/_package_HarkSrcFeatureVal.lisp)
Linked: (/home/tracy/catkin_ws/devel/.private/hark_msgs/share/common-lisp/ros/hark_msgs/msg/HarkSource.lisp, /home/tracy/catkin_ws/devel/share/common-lisp/ros/hark_msgs/msg/HarkSource.lisp)
Linked: (/home/tracy/catkin_ws/devel/.private/hark_msgs/share/common-lisp/ros/hark_msgs/msg/HarkJulius.lisp, /home/tracy/catkin_ws/devel/share/common-lisp/ros/hark_msgs/msg/HarkJulius.lisp)
Linked: (/home/tracy/catkin_ws/devel/.private/hark_msgs/share/common-lisp/ros/hark_msgs/msg/_package_HarkSource.lisp, /home/tracy/catkin_ws/devel/share/common-lisp/ros/hark_msgs/msg/_package_HarkSource.lisp)
Linked: (/home/tracy/catkin_ws/devel/.private/hark_msgs/share/common-lisp/ros/hark_msgs/msg/HarkFeature.lisp, /home/tracy/catkin_ws/devel/share/common-lisp/ros/hark_msgs/msg/HarkFeature.lisp)
Linked: (/home/tracy/catkin_ws/devel/.private/hark_msgs/share/common-lisp/ros/hark_msgs/msg/HarkJuliusSrc.lisp, /home/tracy/catkin_ws/devel/share/common-lisp/ros/hark_msgs/msg/HarkJuliusSrc.lisp)
Linked: (/home/tracy/catkin_ws/devel/.private/hark_msgs/share/common-lisp/ros/hark_msgs/msg/HarkSrcFeature.lisp, /home/tracy/catkin_ws/devel/share/common-lisp/ros/hark_msgs/msg/HarkSrcFeature.lisp)
Linked: (/home/tracy/catkin_ws/devel/.private/hark_msgs/share/common-lisp/ros/hark_msgs/msg/_package_HarkWaveVal.lisp, /home/tracy/catkin_ws/devel/share/common-lisp/ros/hark_msgs/msg/_package_HarkWaveVal.lisp)
Linked: (/home/tracy/catkin_ws/devel/.private/hark_msgs/share/common-lisp/ros/hark_msgs/msg/_package_HarkSrcFeatureMFMVal.lisp, /home/tracy/catkin_ws/devel/share/common-lisp/ros/hark_msgs/msg/_package_HarkSrcFeatureMFMVal.lisp)
Linked: (/home/tracy/catkin_ws/devel/.private/hark_msgs/share/common-lisp/ros/hark_msgs/msg/_package_HarkInt.lisp, /home/tracy/catkin_ws/devel/share/common-lisp/ros/hark_msgs/msg/_package_HarkInt.lisp)
Linked: (/home/tracy/catkin_ws/devel/.private/hark_msgs/share/common-lisp/ros/hark_msgs/msg/HarkSrcWaveVal.lisp, /home/tracy/catkin_ws/devel/share/common-lisp/ros/hark_msgs/msg/HarkSrcWaveVal.lisp)
Linked: (/home/tracy/catkin_ws/devel/.private/hark_msgs/share/common-lisp/ros/hark_msgs/msg/HarkSrcFeatureVal.lisp, /home/tracy/catkin_ws/devel/share/common-lisp/ros/hark_msgs/msg/HarkSrcFeatureVal.lisp)
Linked: (/home/tracy/catkin_ws/devel/.private/hark_msgs/share/common-lisp/ros/hark_msgs/msg/_package_HarkFFT.lisp, /home/tracy/catkin_ws/devel/share/common-lisp/ros/hark_msgs/msg/_package_HarkFFT.lisp)
Linked: (/home/tracy/catkin_ws/devel/.private/hark_msgs/share/common-lisp/ros/hark_msgs/msg/HarkSrcFFTVal.lisp, /home/tracy/catkin_ws/devel/share/common-lisp/ros/hark_msgs/msg/HarkSrcFFTVal.lisp)
Linked: (/home/tracy/catkin_ws/devel/.private/hark_msgs/share/common-lisp/ros/hark_msgs/msg/_package_HarkJuliusSrcVal.lisp, /home/tracy/catkin_ws/devel/share/common-lisp/ros/hark_msgs/msg/_package_HarkJuliusSrcVal.lisp)
Linked: (/home/tracy/catkin_ws/devel/.private/hark_msgs/share/common-lisp/ros/hark_msgs/msg/HarkInt.lisp, /home/tracy/catkin_ws/devel/share/common-lisp/ros/hark_msgs/msg/HarkInt.lisp)
Linked: (/home/tracy/catkin_ws/devel/.private/hark_msgs/share/common-lisp/ros/hark_msgs/msg/_package_HarkSrcFFT.lisp, /home/tracy/catkin_ws/devel/share/common-lisp/ros/hark_msgs/msg/_package_HarkSrcFFT.lisp)
Linked: (/home/tracy/catkin_ws/devel/.private/hark_msgs/share/common-lisp/ros/hark_msgs/msg/HarkSourceVal.lisp, /home/tracy/catkin_ws/devel/share/common-lisp/ros/hark_msgs/msg/HarkSourceVal.lisp)
Linked: (/home/tracy/catkin_ws/devel/.private/hark_msgs/share/common-lisp/ros/hark_msgs/msg/HarkSrcFeatureMFM.lisp, /home/tracy/catkin_ws/devel/share/common-lisp/ros/hark_msgs/msg/HarkSrcFeatureMFM.lisp)
Linked: (/home/tracy/catkin_ws/devel/.private/hark_msgs/share/gennodejs/ros/hark_msgs/_index.js, /home/tracy/catkin_ws/devel/share/gennodejs/ros/hark_msgs/_index.js)
Linked: (/home/tracy/catkin_ws/devel/.private/hark_msgs/share/gennodejs/ros/hark_msgs/srv/HarkIntSrv.js, /home/tracy/catkin_ws/devel/share/gennodejs/ros/hark_msgs/srv/HarkIntSrv.js)
Linked: (/home/tracy/catkin_ws/devel/.private/hark_msgs/share/gennodejs/ros/hark_msgs/srv/_index.js, /home/tracy/catkin_ws/devel/share/gennodejs/ros/hark_msgs/srv/_index.js)
Linked: (/home/tracy/catkin_ws/devel/.private/hark_msgs/share/gennodejs/ros/hark_msgs/msg/HarkSrcFFTVal.js, /home/tracy/catkin_ws/devel/share/gennodejs/ros/hark_msgs/msg/HarkSrcFFTVal.js)
Linked: (/home/tracy/catkin_ws/devel/.private/hark_msgs/share/gennodejs/ros/hark_msgs/msg/HarkSrcWaveVal.js, /home/tracy/catkin_ws/devel/share/gennodejs/ros/hark_msgs/msg/HarkSrcWaveVal.js)
Linked: (/home/tracy/catkin_ws/devel/.private/hark_msgs/share/gennodejs/ros/hark_msgs/msg/HarkFFT.js, /home/tracy/catkin_ws/devel/share/gennodejs/ros/hark_msgs/msg/HarkFFT.js)
Linked: (/home/tracy/catkin_ws/devel/.private/hark_msgs/share/gennodejs/ros/hark_msgs/msg/HarkFeature.js, /home/tracy/catkin_ws/devel/share/gennodejs/ros/hark_msgs/msg/HarkFeature.js)
Linked: (/home/tracy/catkin_ws/devel/.private/hark_msgs/share/gennodejs/ros/hark_msgs/msg/HarkWaveVal.js, /home/tracy/catkin_ws/devel/share/gennodejs/ros/hark_msgs/msg/HarkWaveVal.js)
Linked: (/home/tracy/catkin_ws/devel/.private/hark_msgs/share/gennodejs/ros/hark_msgs/msg/HarkSrcFeatureMFM.js, /home/tracy/catkin_ws/devel/share/gennodejs/ros/hark_msgs/msg/HarkSrcFeatureMFM.js)
Linked: (/home/tracy/catkin_ws/devel/.private/hark_msgs/share/gennodejs/ros/hark_msgs/msg/HarkSource.js, /home/tracy/catkin_ws/devel/share/gennodejs/ros/hark_msgs/msg/HarkSource.js)
Linked: (/home/tracy/catkin_ws/devel/.private/hark_msgs/share/gennodejs/ros/hark_msgs/msg/HarkFFTVal.js, /home/tracy/catkin_ws/devel/share/gennodejs/ros/hark_msgs/msg/HarkFFTVal.js)
Linked: (/home/tracy/catkin_ws/devel/.private/hark_msgs/share/gennodejs/ros/hark_msgs/msg/HarkSrcFeatureMFMVal.js, /home/tracy/catkin_ws/devel/share/gennodejs/ros/hark_msgs/msg/HarkSrcFeatureMFMVal.js)
Linked: (/home/tracy/catkin_ws/devel/.private/hark_msgs/share/gennodejs/ros/hark_msgs/msg/HarkSrcWave.js, /home/tracy/catkin_ws/devel/share/gennodejs/ros/hark_msgs/msg/HarkSrcWave.js)
Linked: (/home/tracy/catkin_ws/devel/.private/hark_msgs/share/gennodejs/ros/hark_msgs/msg/_index.js, /home/tracy/catkin_ws/devel/share/gennodejs/ros/hark_msgs/msg/_index.js)
Linked: (/home/tracy/catkin_ws/devel/.private/hark_msgs/share/gennodejs/ros/hark_msgs/msg/HarkSourceVal.js, /home/tracy/catkin_ws/devel/share/gennodejs/ros/hark_msgs/msg/HarkSourceVal.js)
Linked: (/home/tracy/catkin_ws/devel/.private/hark_msgs/share/gennodejs/ros/hark_msgs/msg/HarkInt.js, /home/tracy/catkin_ws/devel/share/gennodejs/ros/hark_msgs/msg/HarkInt.js)
Linked: (/home/tracy/catkin_ws/devel/.private/hark_msgs/share/gennodejs/ros/hark_msgs/msg/HarkSrcFFT.js, /home/tracy/catkin_ws/devel/share/gennodejs/ros/hark_msgs/msg/HarkSrcFFT.js)
Linked: (/home/tracy/catkin_ws/devel/.private/hark_msgs/share/gennodejs/ros/hark_msgs/msg/HarkSrcFeature.js, /home/tracy/catkin_ws/devel/share/gennodejs/ros/hark_msgs/msg/HarkSrcFeature.js)
Linked: (/home/tracy/catkin_ws/devel/.private/hark_msgs/share/gennodejs/ros/hark_msgs/msg/HarkJuliusSrcVal.js, /home/tracy/catkin_ws/devel/share/gennodejs/ros/hark_msgs/msg/HarkJuliusSrcVal.js)
Linked: (/home/tracy/catkin_ws/devel/.private/hark_msgs/share/gennodejs/ros/hark_msgs/msg/HarkJuliusSrc.js, /home/tracy/catkin_ws/devel/share/gennodejs/ros/hark_msgs/msg/HarkJuliusSrc.js)
Linked: (/home/tracy/catkin_ws/devel/.private/hark_msgs/share/gennodejs/ros/hark_msgs/msg/HarkFeatureVal.js, /home/tracy/catkin_ws/devel/share/gennodejs/ros/hark_msgs/msg/HarkFeatureVal.js)
Linked: (/home/tracy/catkin_ws/devel/.private/hark_msgs/share/gennodejs/ros/hark_msgs/msg/HarkSrcFeatureVal.js, /home/tracy/catkin_ws/devel/share/gennodejs/ros/hark_msgs/msg/HarkSrcFeatureVal.js)
Linked: (/home/tracy/catkin_ws/devel/.private/hark_msgs/share/gennodejs/ros/hark_msgs/msg/HarkJulius.js, /home/tracy/catkin_ws/devel/share/gennodejs/ros/hark_msgs/msg/HarkJulius.js)
Linked: (/home/tracy/catkin_ws/devel/.private/hark_msgs/share/gennodejs/ros/hark_msgs/msg/HarkWave.js, /home/tracy/catkin_ws/devel/share/gennodejs/ros/hark_msgs/msg/HarkWave.js)
Linked: (/home/tracy/catkin_ws/devel/.private/hark_msgs/share/roseus/ros/hark_msgs/manifest.l, /home/tracy/catkin_ws/devel/share/roseus/ros/hark_msgs/manifest.l)
Linked: (/home/tracy/catkin_ws/devel/.private/hark_msgs/share/roseus/ros/hark_msgs/srv/HarkIntSrv.l, /home/tracy/catkin_ws/devel/share/roseus/ros/hark_msgs/srv/HarkIntSrv.l)
Linked: (/home/tracy/catkin_ws/devel/.private/hark_msgs/share/roseus/ros/hark_msgs/msg/HarkSrcFFT.l, /home/tracy/catkin_ws/devel/share/roseus/ros/hark_msgs/msg/HarkSrcFFT.l)
Linked: (/home/tracy/catkin_ws/devel/.private/hark_msgs/share/roseus/ros/hark_msgs/msg/HarkFeature.l, /home/tracy/catkin_ws/devel/share/roseus/ros/hark_msgs/msg/HarkFeature.l)
Linked: (/home/tracy/catkin_ws/devel/.private/hark_msgs/share/roseus/ros/hark_msgs/msg/HarkSrcFeatureMFM.l, /home/tracy/catkin_ws/devel/share/roseus/ros/hark_msgs/msg/HarkSrcFeatureMFM.l)
Linked: (/home/tracy/catkin_ws/devel/.private/hark_msgs/share/roseus/ros/hark_msgs/msg/HarkInt.l, /home/tracy/catkin_ws/devel/share/roseus/ros/hark_msgs/msg/HarkInt.l)
Linked: (/home/tracy/catkin_ws/devel/.private/hark_msgs/share/roseus/ros/hark_msgs/msg/HarkJulius.l, /home/tracy/catkin_ws/devel/share/roseus/ros/hark_msgs/msg/HarkJulius.l)
Linked: (/home/tracy/catkin_ws/devel/.private/hark_msgs/share/roseus/ros/hark_msgs/msg/HarkSrcFeatureVal.l, /home/tracy/catkin_ws/devel/share/roseus/ros/hark_msgs/msg/HarkSrcFeatureVal.l)
Linked: (/home/tracy/catkin_ws/devel/.private/hark_msgs/share/roseus/ros/hark_msgs/msg/HarkJuliusSrcVal.l, /home/tracy/catkin_ws/devel/share/roseus/ros/hark_msgs/msg/HarkJuliusSrcVal.l)
Linked: (/home/tracy/catkin_ws/devel/.private/hark_msgs/share/roseus/ros/hark_msgs/msg/HarkWaveVal.l, /home/tracy/catkin_ws/devel/share/roseus/ros/hark_msgs/msg/HarkWaveVal.l)
Linked: (/home/tracy/catkin_ws/devel/.private/hark_msgs/share/roseus/ros/hark_msgs/msg/HarkFFT.l, /home/tracy/catkin_ws/devel/share/roseus/ros/hark_msgs/msg/HarkFFT.l)
Linked: (/home/tracy/catkin_ws/devel/.private/hark_msgs/share/roseus/ros/hark_msgs/msg/HarkWave.l, /home/tracy/catkin_ws/devel/share/roseus/ros/hark_msgs/msg/HarkWave.l)
Linked: (/home/tracy/catkin_ws/devel/.private/hark_msgs/share/roseus/ros/hark_msgs/msg/HarkSrcFeatureMFMVal.l, /home/tracy/catkin_ws/devel/share/roseus/ros/hark_msgs/msg/HarkSrcFeatureMFMVal.l)
Linked: (/home/tracy/catkin_ws/devel/.private/hark_msgs/share/roseus/ros/hark_msgs/msg/HarkJuliusSrc.l, /home/tracy/catkin_ws/devel/share/roseus/ros/hark_msgs/msg/HarkJuliusSrc.l)
Linked: (/home/tracy/catkin_ws/devel/.private/hark_msgs/share/roseus/ros/hark_msgs/msg/HarkSrcWave.l, /home/tracy/catkin_ws/devel/share/roseus/ros/hark_msgs/msg/HarkSrcWave.l)
Linked: (/home/tracy/catkin_ws/devel/.private/hark_msgs/share/roseus/ros/hark_msgs/msg/HarkSrcWaveVal.l, /home/tracy/catkin_ws/devel/share/roseus/ros/hark_msgs/msg/HarkSrcWaveVal.l)
Linked: (/home/tracy/catkin_ws/devel/.private/hark_msgs/share/roseus/ros/hark_msgs/msg/HarkFeatureVal.l, /home/tracy/catkin_ws/devel/share/roseus/ros/hark_msgs/msg/HarkFeatureVal.l)
Linked: (/home/tracy/catkin_ws/devel/.private/hark_msgs/share/roseus/ros/hark_msgs/msg/HarkSrcFeature.l, /home/tracy/catkin_ws/devel/share/roseus/ros/hark_msgs/msg/HarkSrcFeature.l)
Linked: (/home/tracy/catkin_ws/devel/.private/hark_msgs/share/roseus/ros/hark_msgs/msg/HarkSource.l, /home/tracy/catkin_ws/devel/share/roseus/ros/hark_msgs/msg/HarkSource.l)
Linked: (/home/tracy/catkin_ws/devel/.private/hark_msgs/share/roseus/ros/hark_msgs/msg/HarkSrcFFTVal.l, /home/tracy/catkin_ws/devel/share/roseus/ros/hark_msgs/msg/HarkSrcFFTVal.l)
Linked: (/home/tracy/catkin_ws/devel/.private/hark_msgs/share/roseus/ros/hark_msgs/msg/HarkFFTVal.l, /home/tracy/catkin_ws/devel/share/roseus/ros/hark_msgs/msg/HarkFFTVal.l)
Linked: (/home/tracy/catkin_ws/devel/.private/hark_msgs/share/roseus/ros/hark_msgs/msg/HarkSourceVal.l, /home/tracy/catkin_ws/devel/share/roseus/ros/hark_msgs/msg/HarkSourceVal.l)
Linked: (/home/tracy/catkin_ws/devel/.private/hark_msgs/include/hark_msgs/HarkSrcFeature.h, /home/tracy/catkin_ws/devel/include/hark_msgs/HarkSrcFeature.h)
Linked: (/home/tracy/catkin_ws/devel/.private/hark_msgs/include/hark_msgs/HarkSourceVal.h, /home/tracy/catkin_ws/devel/include/hark_msgs/HarkSourceVal.h)
Linked: (/home/tracy/catkin_ws/devel/.private/hark_msgs/include/hark_msgs/HarkWaveVal.h, /home/tracy/catkin_ws/devel/include/hark_msgs/HarkWaveVal.h)
Linked: (/home/tracy/catkin_ws/devel/.private/hark_msgs/include/hark_msgs/HarkJulius.h, /home/tracy/catkin_ws/devel/include/hark_msgs/HarkJulius.h)
Linked: (/home/tracy/catkin_ws/devel/.private/hark_msgs/include/hark_msgs/HarkFFTVal.h, /home/tracy/catkin_ws/devel/include/hark_msgs/HarkFFTVal.h)
Linked: (/home/tracy/catkin_ws/devel/.private/hark_msgs/include/hark_msgs/HarkFeature.h, /home/tracy/catkin_ws/devel/include/hark_msgs/HarkFeature.h)
Linked: (/home/tracy/catkin_ws/devel/.private/hark_msgs/include/hark_msgs/HarkSrcWaveVal.h, /home/tracy/catkin_ws/devel/include/hark_msgs/HarkSrcWaveVal.h)
Linked: (/home/tracy/catkin_ws/devel/.private/hark_msgs/include/hark_msgs/HarkSrcFFT.h, /home/tracy/catkin_ws/devel/include/hark_msgs/HarkSrcFFT.h)
Linked: (/home/tracy/catkin_ws/devel/.private/hark_msgs/include/hark_msgs/HarkWave.h, /home/tracy/catkin_ws/devel/include/hark_msgs/HarkWave.h)
Linked: (/home/tracy/catkin_ws/devel/.private/hark_msgs/include/hark_msgs/HarkFeatureVal.h, /home/tracy/catkin_ws/devel/include/hark_msgs/HarkFeatureVal.h)
Linked: (/home/tracy/catkin_ws/devel/.private/hark_msgs/include/hark_msgs/HarkIntSrv.h, /home/tracy/catkin_ws/devel/include/hark_msgs/HarkIntSrv.h)
Linked: (/home/tracy/catkin_ws/devel/.private/hark_msgs/include/hark_msgs/HarkFFT.h, /home/tracy/catkin_ws/devel/include/hark_msgs/HarkFFT.h)
Linked: (/home/tracy/catkin_ws/devel/.private/hark_msgs/include/hark_msgs/HarkJuliusSrc.h, /home/tracy/catkin_ws/devel/include/hark_msgs/HarkJuliusSrc.h)
Linked: (/home/tracy/catkin_ws/devel/.private/hark_msgs/include/hark_msgs/HarkJuliusSrcVal.h, /home/tracy/catkin_ws/devel/include/hark_msgs/HarkJuliusSrcVal.h)
Linked: (/home/tracy/catkin_ws/devel/.private/hark_msgs/include/hark_msgs/HarkIntSrvRequest.h, /home/tracy/catkin_ws/devel/include/hark_msgs/HarkIntSrvRequest.h)
Linked: (/home/tracy/catkin_ws/devel/.private/hark_msgs/include/hark_msgs/HarkSrcFeatureVal.h, /home/tracy/catkin_ws/devel/include/hark_msgs/HarkSrcFeatureVal.h)
Linked: (/home/tracy/catkin_ws/devel/.private/hark_msgs/include/hark_msgs/HarkSrcFFTVal.h, /home/tracy/catkin_ws/devel/include/hark_msgs/HarkSrcFFTVal.h)
Linked: (/home/tracy/catkin_ws/devel/.private/hark_msgs/include/hark_msgs/HarkIntSrvResponse.h, /home/tracy/catkin_ws/devel/include/hark_msgs/HarkIntSrvResponse.h)
Linked: (/home/tracy/catkin_ws/devel/.private/hark_msgs/include/hark_msgs/HarkSrcWave.h, /home/tracy/catkin_ws/devel/include/hark_msgs/HarkSrcWave.h)
Linked: (/home/tracy/catkin_ws/devel/.private/hark_msgs/include/hark_msgs/HarkSrcFeatureMFM.h, /home/tracy/catkin_ws/devel/include/hark_msgs/HarkSrcFeatureMFM.h)
Linked: (/home/tracy/catkin_ws/devel/.private/hark_msgs/include/hark_msgs/HarkSource.h, /home/tracy/catkin_ws/devel/include/hark_msgs/HarkSource.h)
Linked: (/home/tracy/catkin_ws/devel/.private/hark_msgs/include/hark_msgs/HarkSrcFeatureMFMVal.h, /home/tracy/catkin_ws/devel/include/hark_msgs/HarkSrcFeatureMFMVal.h)
Linked: (/home/tracy/catkin_ws/devel/.private/hark_msgs/include/hark_msgs/HarkInt.h, /home/tracy/catkin_ws/devel/include/hark_msgs/HarkInt.h)
