Symlinking /home/tracy/catkin_ws/devel/lib/python2.7/dist-packages/hark_msgs/__init__.py
Symlinking /home/tracy/catkin_ws/devel/lib/python2.7/dist-packages/hark_msgs/srv/_HarkIntSrv.py
Symlinking /home/tracy/catkin_ws/devel/lib/python2.7/dist-packages/hark_msgs/srv/__init__.py
Symlinking /home/tracy/catkin_ws/devel/lib/python2.7/dist-packages/hark_msgs/msg/_HarkWaveVal.py
Symlinking /home/tracy/catkin_ws/devel/lib/python2.7/dist-packages/hark_msgs/msg/_HarkSrcFFTVal.py
Symlinking /home/tracy/catkin_ws/devel/lib/python2.7/dist-packages/hark_msgs/msg/_HarkSrcWave.py
Symlinking /home/tracy/catkin_ws/devel/lib/python2.7/dist-packages/hark_msgs/msg/_HarkJuliusSrc.py
Symlinking /home/tracy/catkin_ws/devel/lib/python2.7/dist-packages/hark_msgs/msg/_HarkFeature.py
Symlinking /home/tracy/catkin_ws/devel/lib/python2.7/dist-packages/hark_msgs/msg/_HarkInt.py
Symlinking /home/tracy/catkin_ws/devel/lib/python2.7/dist-packages/hark_msgs/msg/_HarkJuliusSrcVal.py
Symlinking /home/tracy/catkin_ws/devel/lib/python2.7/dist-packages/hark_msgs/msg/_HarkJulius.py
Symlinking /home/tracy/catkin_ws/devel/lib/python2.7/dist-packages/hark_msgs/msg/_HarkSourceVal.py
Symlinking /home/tracy/catkin_ws/devel/lib/python2.7/dist-packages/hark_msgs/msg/_HarkSrcFeatureMFMVal.py
Symlinking /home/tracy/catkin_ws/devel/lib/python2.7/dist-packages/hark_msgs/msg/_HarkFFT.py
Symlinking /home/tracy/catkin_ws/devel/lib/python2.7/dist-packages/hark_msgs/msg/_HarkSrcFeatureVal.py
Symlinking /home/tracy/catkin_ws/devel/lib/python2.7/dist-packages/hark_msgs/msg/_HarkFeatureVal.py
Symlinking /home/tracy/catkin_ws/devel/lib/python2.7/dist-packages/hark_msgs/msg/_HarkFFTVal.py
Symlinking /home/tracy/catkin_ws/devel/lib/python2.7/dist-packages/hark_msgs/msg/_HarkSrcFeatureMFM.py
Symlinking /home/tracy/catkin_ws/devel/lib/python2.7/dist-packages/hark_msgs/msg/_HarkSource.py
Symlinking /home/tracy/catkin_ws/devel/lib/python2.7/dist-packages/hark_msgs/msg/_HarkSrcFFT.py
Symlinking /home/tracy/catkin_ws/devel/lib/python2.7/dist-packages/hark_msgs/msg/_HarkWave.py
Symlinking /home/tracy/catkin_ws/devel/lib/python2.7/dist-packages/hark_msgs/msg/_HarkSrcWaveVal.py
Symlinking /home/tracy/catkin_ws/devel/lib/python2.7/dist-packages/hark_msgs/msg/_HarkSrcFeature.py
Symlinking /home/tracy/catkin_ws/devel/lib/python2.7/dist-packages/hark_msgs/msg/__init__.py
Symlinking /home/tracy/catkin_ws/devel/share/hark_msgs/cmake/hark_msgs-msg-paths.cmake
Symlinking /home/tracy/catkin_ws/devel/share/common-lisp/ros/hark_msgs/srv/_package_HarkIntSrv.lisp
Symlinking /home/tracy/catkin_ws/devel/share/common-lisp/ros/hark_msgs/srv/_package.lisp
Symlinking /home/tracy/catkin_ws/devel/share/common-lisp/ros/hark_msgs/srv/HarkIntSrv.lisp
Symlinking /home/tracy/catkin_ws/devel/share/common-lisp/ros/hark_msgs/srv/hark_msgs-srv.asd
Symlinking /home/tracy/catkin_ws/devel/share/common-lisp/ros/hark_msgs/msg/_package_HarkFeatureVal.lisp
Symlinking /home/tracy/catkin_ws/devel/share/common-lisp/ros/hark_msgs/msg/_package_HarkSrcWaveVal.lisp
Symlinking /home/tracy/catkin_ws/devel/share/common-lisp/ros/hark_msgs/msg/_package_HarkJuliusSrc.lisp
Symlinking /home/tracy/catkin_ws/devel/share/common-lisp/ros/hark_msgs/msg/HarkFeatureVal.lisp
Symlinking /home/tracy/catkin_ws/devel/share/common-lisp/ros/hark_msgs/msg/_package_HarkFFTVal.lisp
Symlinking /home/tracy/catkin_ws/devel/share/common-lisp/ros/hark_msgs/msg/HarkSrcFFT.lisp
Symlinking /home/tracy/catkin_ws/devel/share/common-lisp/ros/hark_msgs/msg/_package_HarkFeature.lisp
Symlinking /home/tracy/catkin_ws/devel/share/common-lisp/ros/hark_msgs/msg/hark_msgs-msg.asd
Symlinking /home/tracy/catkin_ws/devel/share/common-lisp/ros/hark_msgs/msg/HarkSrcWave.lisp
Symlinking /home/tracy/catkin_ws/devel/share/common-lisp/ros/hark_msgs/msg/_package_HarkSourceVal.lisp
Symlinking /home/tracy/catkin_ws/devel/share/common-lisp/ros/hark_msgs/msg/_package_HarkSrcFeatureMFM.lisp
Symlinking /home/tracy/catkin_ws/devel/share/common-lisp/ros/hark_msgs/msg/_package_HarkSrcWave.lisp
Symlinking /home/tracy/catkin_ws/devel/share/common-lisp/ros/hark_msgs/msg/HarkJuliusSrcVal.lisp
Symlinking /home/tracy/catkin_ws/devel/share/common-lisp/ros/hark_msgs/msg/_package_HarkSrcFeature.lisp
Symlinking /home/tracy/catkin_ws/devel/share/common-lisp/ros/hark_msgs/msg/HarkFFT.lisp
Symlinking /home/tracy/catkin_ws/devel/share/common-lisp/ros/hark_msgs/msg/HarkWave.lisp
Symlinking /home/tracy/catkin_ws/devel/share/common-lisp/ros/hark_msgs/msg/HarkSrcFeatureMFMVal.lisp
Symlinking /home/tracy/catkin_ws/devel/share/common-lisp/ros/hark_msgs/msg/HarkWaveVal.lisp
Symlinking /home/tracy/catkin_ws/devel/share/common-lisp/ros/hark_msgs/msg/_package.lisp
Symlinking /home/tracy/catkin_ws/devel/share/common-lisp/ros/hark_msgs/msg/_package_HarkSrcFFTVal.lisp
Symlinking /home/tracy/catkin_ws/devel/share/common-lisp/ros/hark_msgs/msg/_package_HarkWave.lisp
Symlinking /home/tracy/catkin_ws/devel/share/common-lisp/ros/hark_msgs/msg/HarkFFTVal.lisp
Symlinking /home/tracy/catkin_ws/devel/share/common-lisp/ros/hark_msgs/msg/_package_HarkJulius.lisp
Symlinking /home/tracy/catkin_ws/devel/share/common-lisp/ros/hark_msgs/msg/_package_HarkSrcFeatureVal.lisp
Symlinking /home/tracy/catkin_ws/devel/share/common-lisp/ros/hark_msgs/msg/HarkSource.lisp
Symlinking /home/tracy/catkin_ws/devel/share/common-lisp/ros/hark_msgs/msg/HarkJulius.lisp
Symlinking /home/tracy/catkin_ws/devel/share/common-lisp/ros/hark_msgs/msg/_package_HarkSource.lisp
Symlinking /home/tracy/catkin_ws/devel/share/common-lisp/ros/hark_msgs/msg/HarkFeature.lisp
Symlinking /home/tracy/catkin_ws/devel/share/common-lisp/ros/hark_msgs/msg/HarkJuliusSrc.lisp
Symlinking /home/tracy/catkin_ws/devel/share/common-lisp/ros/hark_msgs/msg/HarkSrcFeature.lisp
Symlinking /home/tracy/catkin_ws/devel/share/common-lisp/ros/hark_msgs/msg/_package_HarkWaveVal.lisp
Symlinking /home/tracy/catkin_ws/devel/share/common-lisp/ros/hark_msgs/msg/_package_HarkSrcFeatureMFMVal.lisp
Symlinking /home/tracy/catkin_ws/devel/share/common-lisp/ros/hark_msgs/msg/_package_HarkInt.lisp
Symlinking /home/tracy/catkin_ws/devel/share/common-lisp/ros/hark_msgs/msg/HarkSrcWaveVal.lisp
Symlinking /home/tracy/catkin_ws/devel/share/common-lisp/ros/hark_msgs/msg/HarkSrcFeatureVal.lisp
Symlinking /home/tracy/catkin_ws/devel/share/common-lisp/ros/hark_msgs/msg/_package_HarkFFT.lisp
Symlinking /home/tracy/catkin_ws/devel/share/common-lisp/ros/hark_msgs/msg/HarkSrcFFTVal.lisp
Symlinking /home/tracy/catkin_ws/devel/share/common-lisp/ros/hark_msgs/msg/_package_HarkJuliusSrcVal.lisp
Symlinking /home/tracy/catkin_ws/devel/share/common-lisp/ros/hark_msgs/msg/HarkInt.lisp
Symlinking /home/tracy/catkin_ws/devel/share/common-lisp/ros/hark_msgs/msg/_package_HarkSrcFFT.lisp
Symlinking /home/tracy/catkin_ws/devel/share/common-lisp/ros/hark_msgs/msg/HarkSourceVal.lisp
Symlinking /home/tracy/catkin_ws/devel/share/common-lisp/ros/hark_msgs/msg/HarkSrcFeatureMFM.lisp
Symlinking /home/tracy/catkin_ws/devel/share/gennodejs/ros/hark_msgs/_index.js
Symlinking /home/tracy/catkin_ws/devel/share/gennodejs/ros/hark_msgs/srv/HarkIntSrv.js
Symlinking /home/tracy/catkin_ws/devel/share/gennodejs/ros/hark_msgs/srv/_index.js
Symlinking /home/tracy/catkin_ws/devel/share/gennodejs/ros/hark_msgs/msg/HarkSrcFFTVal.js
Symlinking /home/tracy/catkin_ws/devel/share/gennodejs/ros/hark_msgs/msg/HarkSrcWaveVal.js
Symlinking /home/tracy/catkin_ws/devel/share/gennodejs/ros/hark_msgs/msg/HarkFFT.js
Symlinking /home/tracy/catkin_ws/devel/share/gennodejs/ros/hark_msgs/msg/HarkFeature.js
Symlinking /home/tracy/catkin_ws/devel/share/gennodejs/ros/hark_msgs/msg/HarkWaveVal.js
Symlinking /home/tracy/catkin_ws/devel/share/gennodejs/ros/hark_msgs/msg/HarkSrcFeatureMFM.js
Symlinking /home/tracy/catkin_ws/devel/share/gennodejs/ros/hark_msgs/msg/HarkSource.js
Symlinking /home/tracy/catkin_ws/devel/share/gennodejs/ros/hark_msgs/msg/HarkFFTVal.js
Symlinking /home/tracy/catkin_ws/devel/share/gennodejs/ros/hark_msgs/msg/HarkSrcFeatureMFMVal.js
Symlinking /home/tracy/catkin_ws/devel/share/gennodejs/ros/hark_msgs/msg/HarkSrcWave.js
Symlinking /home/tracy/catkin_ws/devel/share/gennodejs/ros/hark_msgs/msg/_index.js
Symlinking /home/tracy/catkin_ws/devel/share/gennodejs/ros/hark_msgs/msg/HarkSourceVal.js
Symlinking /home/tracy/catkin_ws/devel/share/gennodejs/ros/hark_msgs/msg/HarkInt.js
Symlinking /home/tracy/catkin_ws/devel/share/gennodejs/ros/hark_msgs/msg/HarkSrcFFT.js
Symlinking /home/tracy/catkin_ws/devel/share/gennodejs/ros/hark_msgs/msg/HarkSrcFeature.js
Symlinking /home/tracy/catkin_ws/devel/share/gennodejs/ros/hark_msgs/msg/HarkJuliusSrcVal.js
Symlinking /home/tracy/catkin_ws/devel/share/gennodejs/ros/hark_msgs/msg/HarkJuliusSrc.js
Symlinking /home/tracy/catkin_ws/devel/share/gennodejs/ros/hark_msgs/msg/HarkFeatureVal.js
Symlinking /home/tracy/catkin_ws/devel/share/gennodejs/ros/hark_msgs/msg/HarkSrcFeatureVal.js
Symlinking /home/tracy/catkin_ws/devel/share/gennodejs/ros/hark_msgs/msg/HarkJulius.js
Symlinking /home/tracy/catkin_ws/devel/share/gennodejs/ros/hark_msgs/msg/HarkWave.js
Symlinking /home/tracy/catkin_ws/devel/share/roseus/ros/hark_msgs/manifest.l
Symlinking /home/tracy/catkin_ws/devel/share/roseus/ros/hark_msgs/srv/HarkIntSrv.l
Symlinking /home/tracy/catkin_ws/devel/share/roseus/ros/hark_msgs/msg/HarkSrcFFT.l
Symlinking /home/tracy/catkin_ws/devel/share/roseus/ros/hark_msgs/msg/HarkFeature.l
Symlinking /home/tracy/catkin_ws/devel/share/roseus/ros/hark_msgs/msg/HarkSrcFeatureMFM.l
Symlinking /home/tracy/catkin_ws/devel/share/roseus/ros/hark_msgs/msg/HarkInt.l
Symlinking /home/tracy/catkin_ws/devel/share/roseus/ros/hark_msgs/msg/HarkJulius.l
Symlinking /home/tracy/catkin_ws/devel/share/roseus/ros/hark_msgs/msg/HarkSrcFeatureVal.l
Symlinking /home/tracy/catkin_ws/devel/share/roseus/ros/hark_msgs/msg/HarkJuliusSrcVal.l
Symlinking /home/tracy/catkin_ws/devel/share/roseus/ros/hark_msgs/msg/HarkWaveVal.l
Symlinking /home/tracy/catkin_ws/devel/share/roseus/ros/hark_msgs/msg/HarkFFT.l
Symlinking /home/tracy/catkin_ws/devel/share/roseus/ros/hark_msgs/msg/HarkWave.l
Symlinking /home/tracy/catkin_ws/devel/share/roseus/ros/hark_msgs/msg/HarkSrcFeatureMFMVal.l
Symlinking /home/tracy/catkin_ws/devel/share/roseus/ros/hark_msgs/msg/HarkJuliusSrc.l
Symlinking /home/tracy/catkin_ws/devel/share/roseus/ros/hark_msgs/msg/HarkSrcWave.l
Symlinking /home/tracy/catkin_ws/devel/share/roseus/ros/hark_msgs/msg/HarkSrcWaveVal.l
Symlinking /home/tracy/catkin_ws/devel/share/roseus/ros/hark_msgs/msg/HarkFeatureVal.l
Symlinking /home/tracy/catkin_ws/devel/share/roseus/ros/hark_msgs/msg/HarkSrcFeature.l
Symlinking /home/tracy/catkin_ws/devel/share/roseus/ros/hark_msgs/msg/HarkSource.l
Symlinking /home/tracy/catkin_ws/devel/share/roseus/ros/hark_msgs/msg/HarkSrcFFTVal.l
Symlinking /home/tracy/catkin_ws/devel/share/roseus/ros/hark_msgs/msg/HarkFFTVal.l
Symlinking /home/tracy/catkin_ws/devel/share/roseus/ros/hark_msgs/msg/HarkSourceVal.l
Symlinking /home/tracy/catkin_ws/devel/include/hark_msgs/HarkSrcFeature.h
Symlinking /home/tracy/catkin_ws/devel/include/hark_msgs/HarkSourceVal.h
Symlinking /home/tracy/catkin_ws/devel/include/hark_msgs/HarkWaveVal.h
Symlinking /home/tracy/catkin_ws/devel/include/hark_msgs/HarkJulius.h
Symlinking /home/tracy/catkin_ws/devel/include/hark_msgs/HarkFFTVal.h
Symlinking /home/tracy/catkin_ws/devel/include/hark_msgs/HarkFeature.h
Symlinking /home/tracy/catkin_ws/devel/include/hark_msgs/HarkSrcWaveVal.h
Symlinking /home/tracy/catkin_ws/devel/include/hark_msgs/HarkSrcFFT.h
Symlinking /home/tracy/catkin_ws/devel/include/hark_msgs/HarkWave.h
Symlinking /home/tracy/catkin_ws/devel/include/hark_msgs/HarkFeatureVal.h
Symlinking /home/tracy/catkin_ws/devel/include/hark_msgs/HarkIntSrv.h
Symlinking /home/tracy/catkin_ws/devel/include/hark_msgs/HarkFFT.h
Symlinking /home/tracy/catkin_ws/devel/include/hark_msgs/HarkJuliusSrc.h
Symlinking /home/tracy/catkin_ws/devel/include/hark_msgs/HarkJuliusSrcVal.h
Symlinking /home/tracy/catkin_ws/devel/include/hark_msgs/HarkIntSrvRequest.h
Symlinking /home/tracy/catkin_ws/devel/include/hark_msgs/HarkSrcFeatureVal.h
Symlinking /home/tracy/catkin_ws/devel/include/hark_msgs/HarkSrcFFTVal.h
Symlinking /home/tracy/catkin_ws/devel/include/hark_msgs/HarkIntSrvResponse.h
Symlinking /home/tracy/catkin_ws/devel/include/hark_msgs/HarkSrcWave.h
Symlinking /home/tracy/catkin_ws/devel/include/hark_msgs/HarkSrcFeatureMFM.h
Symlinking /home/tracy/catkin_ws/devel/include/hark_msgs/HarkSource.h
Symlinking /home/tracy/catkin_ws/devel/include/hark_msgs/HarkSrcFeatureMFMVal.h
Symlinking /home/tracy/catkin_ws/devel/include/hark_msgs/HarkInt.h
