Symlinking /home/tracy/catkin_ws/devel/etc/catkin/profile.d/villa_audio.sh
Symlinking /home/tracy/catkin_ws/devel/lib/libbeam_base.so
Symlinking /home/tracy/catkin_ws/devel/lib/libbeam_commonaudio.so
Symlinking /home/tracy/catkin_ws/devel/lib/libbeam_beamformer.so
Symlinking /home/tracy/catkin_ws/devel/lib/libshared_microphone_stream.so
Symlinking /home/tracy/catkin_ws/devel/lib/libbeam_systemwrappers.so
Symlinking /home/tracy/catkin_ws/devel/lib/pkgconfig/villa_audio.pc
Symlinking /home/tracy/catkin_ws/devel/lib/python2.7/dist-packages/villa_audio/_shared_microphone_stream_wrapper_cpp.so
Symlinking /home/tracy/catkin_ws/devel/lib/python2.7/dist-packages/villa_audio/__init__.py
Symlinking /home/tracy/catkin_ws/devel/lib/python2.7/dist-packages/villa_audio/srv/_RequestSoundTranscript.py
Symlinking /home/tracy/catkin_ws/devel/lib/python2.7/dist-packages/villa_audio/srv/__init__.py
Symlinking /home/tracy/catkin_ws/devel/share/common-lisp/ros/villa_audio/srv/_package.lisp
Symlinking /home/tracy/catkin_ws/devel/share/common-lisp/ros/villa_audio/srv/villa_audio-srv.asd
Symlinking /home/tracy/catkin_ws/devel/share/common-lisp/ros/villa_audio/srv/RequestSoundTranscript.lisp
Symlinking /home/tracy/catkin_ws/devel/share/common-lisp/ros/villa_audio/srv/_package_RequestSoundTranscript.lisp
Symlinking /home/tracy/catkin_ws/devel/share/gennodejs/ros/villa_audio/_index.js
Symlinking /home/tracy/catkin_ws/devel/share/gennodejs/ros/villa_audio/srv/_index.js
Symlinking /home/tracy/catkin_ws/devel/share/gennodejs/ros/villa_audio/srv/RequestSoundTranscript.js
Symlinking /home/tracy/catkin_ws/devel/share/roseus/ros/villa_audio/manifest.l
Symlinking /home/tracy/catkin_ws/devel/share/roseus/ros/villa_audio/srv/RequestSoundTranscript.l
Symlinking /home/tracy/catkin_ws/devel/share/villa_audio/cmake/villa_audio-msg-extras.cmake
Symlinking /home/tracy/catkin_ws/devel/share/villa_audio/cmake/villa_audio-msg-paths.cmake
Symlinking /home/tracy/catkin_ws/devel/share/villa_audio/cmake/villa_audioConfig.cmake
Symlinking /home/tracy/catkin_ws/devel/share/villa_audio/cmake/villa_audioConfig-version.cmake
Symlinking /home/tracy/catkin_ws/devel/include/villa_audio/RequestSoundTranscriptResponse.h
Symlinking /home/tracy/catkin_ws/devel/include/villa_audio/RequestSoundTranscriptRequest.h
Symlinking /home/tracy/catkin_ws/devel/include/villa_audio/RequestSoundTranscript.h
