Linked: (/home/tracy/catkin_ws/devel/.private/villa_audio/etc/catkin/profile.d/villa_audio.sh, /home/tracy/catkin_ws/devel/etc/catkin/profile.d/villa_audio.sh)
Linked: (/home/tracy/catkin_ws/devel/.private/villa_audio/lib/libbeam_base.so, /home/tracy/catkin_ws/devel/lib/libbeam_base.so)
Linked: (/home/tracy/catkin_ws/devel/.private/villa_audio/lib/libbeam_commonaudio.so, /home/tracy/catkin_ws/devel/lib/libbeam_commonaudio.so)
Linked: (/home/tracy/catkin_ws/devel/.private/villa_audio/lib/libbeam_beamformer.so, /home/tracy/catkin_ws/devel/lib/libbeam_beamformer.so)
Linked: (/home/tracy/catkin_ws/devel/.private/villa_audio/lib/libshared_microphone_stream.so, /home/tracy/catkin_ws/devel/lib/libshared_microphone_stream.so)
Linked: (/home/tracy/catkin_ws/devel/.private/villa_audio/lib/libbeam_systemwrappers.so, /home/tracy/catkin_ws/devel/lib/libbeam_systemwrappers.so)
Linked: (/home/tracy/catkin_ws/devel/.private/villa_audio/lib/pkgconfig/villa_audio.pc, /home/tracy/catkin_ws/devel/lib/pkgconfig/villa_audio.pc)
Linked: (/home/tracy/catkin_ws/devel/.private/villa_audio/lib/python2.7/dist-packages/villa_audio/_shared_microphone_stream_wrapper_cpp.so, /home/tracy/catkin_ws/devel/lib/python2.7/dist-packages/villa_audio/_shared_microphone_stream_wrapper_cpp.so)
Linked: (/home/tracy/catkin_ws/devel/.private/villa_audio/lib/python2.7/dist-packages/villa_audio/__init__.py, /home/tracy/catkin_ws/devel/lib/python2.7/dist-packages/villa_audio/__init__.py)
Linked: (/home/tracy/catkin_ws/devel/.private/villa_audio/lib/python2.7/dist-packages/villa_audio/srv/_RequestSoundTranscript.py, /home/tracy/catkin_ws/devel/lib/python2.7/dist-packages/villa_audio/srv/_RequestSoundTranscript.py)
Linked: (/home/tracy/catkin_ws/devel/.private/villa_audio/lib/python2.7/dist-packages/villa_audio/srv/__init__.py, /home/tracy/catkin_ws/devel/lib/python2.7/dist-packages/villa_audio/srv/__init__.py)
Linked: (/home/tracy/catkin_ws/devel/.private/villa_audio/share/common-lisp/ros/villa_audio/srv/_package.lisp, /home/tracy/catkin_ws/devel/share/common-lisp/ros/villa_audio/srv/_package.lisp)
Linked: (/home/tracy/catkin_ws/devel/.private/villa_audio/share/common-lisp/ros/villa_audio/srv/villa_audio-srv.asd, /home/tracy/catkin_ws/devel/share/common-lisp/ros/villa_audio/srv/villa_audio-srv.asd)
Linked: (/home/tracy/catkin_ws/devel/.private/villa_audio/share/common-lisp/ros/villa_audio/srv/RequestSoundTranscript.lisp, /home/tracy/catkin_ws/devel/share/common-lisp/ros/villa_audio/srv/RequestSoundTranscript.lisp)
Linked: (/home/tracy/catkin_ws/devel/.private/villa_audio/share/common-lisp/ros/villa_audio/srv/_package_RequestSoundTranscript.lisp, /home/tracy/catkin_ws/devel/share/common-lisp/ros/villa_audio/srv/_package_RequestSoundTranscript.lisp)
Linked: (/home/tracy/catkin_ws/devel/.private/villa_audio/share/gennodejs/ros/villa_audio/_index.js, /home/tracy/catkin_ws/devel/share/gennodejs/ros/villa_audio/_index.js)
Linked: (/home/tracy/catkin_ws/devel/.private/villa_audio/share/gennodejs/ros/villa_audio/srv/_index.js, /home/tracy/catkin_ws/devel/share/gennodejs/ros/villa_audio/srv/_index.js)
Linked: (/home/tracy/catkin_ws/devel/.private/villa_audio/share/gennodejs/ros/villa_audio/srv/RequestSoundTranscript.js, /home/tracy/catkin_ws/devel/share/gennodejs/ros/villa_audio/srv/RequestSoundTranscript.js)
Linked: (/home/tracy/catkin_ws/devel/.private/villa_audio/share/roseus/ros/villa_audio/manifest.l, /home/tracy/catkin_ws/devel/share/roseus/ros/villa_audio/manifest.l)
Linked: (/home/tracy/catkin_ws/devel/.private/villa_audio/share/roseus/ros/villa_audio/srv/RequestSoundTranscript.l, /home/tracy/catkin_ws/devel/share/roseus/ros/villa_audio/srv/RequestSoundTranscript.l)
Linked: (/home/tracy/catkin_ws/devel/.private/villa_audio/share/villa_audio/cmake/villa_audio-msg-extras.cmake, /home/tracy/catkin_ws/devel/share/villa_audio/cmake/villa_audio-msg-extras.cmake)
Linked: (/home/tracy/catkin_ws/devel/.private/villa_audio/share/villa_audio/cmake/villa_audio-msg-paths.cmake, /home/tracy/catkin_ws/devel/share/villa_audio/cmake/villa_audio-msg-paths.cmake)
Linked: (/home/tracy/catkin_ws/devel/.private/villa_audio/share/villa_audio/cmake/villa_audioConfig.cmake, /home/tracy/catkin_ws/devel/share/villa_audio/cmake/villa_audioConfig.cmake)
Linked: (/home/tracy/catkin_ws/devel/.private/villa_audio/share/villa_audio/cmake/villa_audioConfig-version.cmake, /home/tracy/catkin_ws/devel/share/villa_audio/cmake/villa_audioConfig-version.cmake)
Linked: (/home/tracy/catkin_ws/devel/.private/villa_audio/include/villa_audio/RequestSoundTranscriptResponse.h, /home/tracy/catkin_ws/devel/include/villa_audio/RequestSoundTranscriptResponse.h)
Linked: (/home/tracy/catkin_ws/devel/.private/villa_audio/include/villa_audio/RequestSoundTranscriptRequest.h, /home/tracy/catkin_ws/devel/include/villa_audio/RequestSoundTranscriptRequest.h)
Linked: (/home/tracy/catkin_ws/devel/.private/villa_audio/include/villa_audio/RequestSoundTranscript.h, /home/tracy/catkin_ws/devel/include/villa_audio/RequestSoundTranscript.h)
