Determining if the pthread_create exist failed with the following output:
Change Dir: /home/tracy/catkin_ws/build/bwi_speech_services/CMakeFiles/CMakeTmp

Run Build Command:"/usr/bin/make" "cmTC_53ea8/fast"
/usr/bin/make -f CMakeFiles/cmTC_53ea8.dir/build.make CMakeFiles/cmTC_53ea8.dir/build
make[1]: Entering directory '/home/tracy/catkin_ws/build/bwi_speech_services/CMakeFiles/CMakeTmp'
Building C object CMakeFiles/cmTC_53ea8.dir/CheckSymbolExists.c.o
/usr/bin/cc     -o CMakeFiles/cmTC_53ea8.dir/CheckSymbolExists.c.o   -c /home/tracy/catkin_ws/build/bwi_speech_services/CMakeFiles/CMakeTmp/CheckSymbolExists.c
Linking C executable cmTC_53ea8
/usr/bin/cmake -E cmake_link_script CMakeFiles/cmTC_53ea8.dir/link.txt --verbose=1
/usr/bin/cc       CMakeFiles/cmTC_53ea8.dir/CheckSymbolExists.c.o  -o cmTC_53ea8 -rdynamic 
CMakeFiles/cmTC_53ea8.dir/CheckSymbolExists.c.o: In function `main':
CheckSymbolExists.c:(.text+0x16): undefined reference to `pthread_create'
collect2: error: ld returned 1 exit status
CMakeFiles/cmTC_53ea8.dir/build.make:97: recipe for target 'cmTC_53ea8' failed
make[1]: *** [cmTC_53ea8] Error 1
make[1]: Leaving directory '/home/tracy/catkin_ws/build/bwi_speech_services/CMakeFiles/CMakeTmp'
Makefile:126: recipe for target 'cmTC_53ea8/fast' failed
make: *** [cmTC_53ea8/fast] Error 2

File /home/tracy/catkin_ws/build/bwi_speech_services/CMakeFiles/CMakeTmp/CheckSymbolExists.c:
/* */
#include <pthread.h>

int main(int argc, char** argv)
{
  (void)argv;
#ifndef pthread_create
  return ((int*)(&pthread_create))[argc];
#else
  (void)argc;
  return 0;
#endif
}

Determining if the function pthread_create exists in the pthreads failed with the following output:
Change Dir: /home/tracy/catkin_ws/build/bwi_speech_services/CMakeFiles/CMakeTmp

Run Build Command:"/usr/bin/make" "cmTC_33df1/fast"
/usr/bin/make -f CMakeFiles/cmTC_33df1.dir/build.make CMakeFiles/cmTC_33df1.dir/build
make[1]: Entering directory '/home/tracy/catkin_ws/build/bwi_speech_services/CMakeFiles/CMakeTmp'
Building C object CMakeFiles/cmTC_33df1.dir/CheckFunctionExists.c.o
/usr/bin/cc    -DCHECK_FUNCTION_EXISTS=pthread_create   -o CMakeFiles/cmTC_33df1.dir/CheckFunctionExists.c.o   -c /usr/share/cmake-3.5/Modules/CheckFunctionExists.c
Linking C executable cmTC_33df1
/usr/bin/cmake -E cmake_link_script CMakeFiles/cmTC_33df1.dir/link.txt --verbose=1
/usr/bin/cc   -DCHECK_FUNCTION_EXISTS=pthread_create    CMakeFiles/cmTC_33df1.dir/CheckFunctionExists.c.o  -o cmTC_33df1 -rdynamic -lpthreads 
/usr/bin/ld: cannot find -lpthreads
collect2: error: ld returned 1 exit status
CMakeFiles/cmTC_33df1.dir/build.make:97: recipe for target 'cmTC_33df1' failed
make[1]: *** [cmTC_33df1] Error 1
make[1]: Leaving directory '/home/tracy/catkin_ws/build/bwi_speech_services/CMakeFiles/CMakeTmp'
Makefile:126: recipe for target 'cmTC_33df1/fast' failed
make: *** [cmTC_33df1/fast] Error 2


