Symlinking /home/tracy/catkin_ws/devel/lib/pkgconfig/bwi_speech_services.pc
Symlinking /home/tracy/catkin_ws/devel/lib/python2.7/dist-packages/bwi_speech_services/__init__.py
Symlinking /home/tracy/catkin_ws/devel/lib/python2.7/dist-packages/bwi_speech_services/srv/_RequestSoundTranscript.py
Symlinking /home/tracy/catkin_ws/devel/lib/python2.7/dist-packages/bwi_speech_services/srv/__init__.py
Symlinking /home/tracy/catkin_ws/devel/share/bwi_speech_services/cmake/bwi_speech_servicesConfig-version.cmake
Symlinking /home/tracy/catkin_ws/devel/share/bwi_speech_services/cmake/bwi_speech_services-msg-paths.cmake
Symlinking /home/tracy/catkin_ws/devel/share/bwi_speech_services/cmake/bwi_speech_services-msg-extras.cmake
Symlinking /home/tracy/catkin_ws/devel/share/bwi_speech_services/cmake/bwi_speech_servicesConfig.cmake
Symlinking /home/tracy/catkin_ws/devel/share/common-lisp/ros/bwi_speech_services/srv/_package.lisp
Symlinking /home/tracy/catkin_ws/devel/share/common-lisp/ros/bwi_speech_services/srv/RequestSoundTranscript.lisp
Symlinking /home/tracy/catkin_ws/devel/share/common-lisp/ros/bwi_speech_services/srv/_package_RequestSoundTranscript.lisp
Symlinking /home/tracy/catkin_ws/devel/share/common-lisp/ros/bwi_speech_services/srv/bwi_speech_services-srv.asd
Symlinking /home/tracy/catkin_ws/devel/share/gennodejs/ros/bwi_speech_services/_index.js
Symlinking /home/tracy/catkin_ws/devel/share/gennodejs/ros/bwi_speech_services/srv/_index.js
Symlinking /home/tracy/catkin_ws/devel/share/gennodejs/ros/bwi_speech_services/srv/RequestSoundTranscript.js
Symlinking /home/tracy/catkin_ws/devel/share/roseus/ros/bwi_speech_services/manifest.l
Symlinking /home/tracy/catkin_ws/devel/share/roseus/ros/bwi_speech_services/srv/RequestSoundTranscript.l
Symlinking /home/tracy/catkin_ws/devel/include/bwi_speech_services/RequestSoundTranscriptResponse.h
Symlinking /home/tracy/catkin_ws/devel/include/bwi_speech_services/RequestSoundTranscriptRequest.h
Symlinking /home/tracy/catkin_ws/devel/include/bwi_speech_services/RequestSoundTranscript.h
