[35m[1mScanning dependencies of target std_msgs_generate_messages_nodejs[0m
[  0%] Built target std_msgs_generate_messages_nodejs
[35m[1mScanning dependencies of target _bwi_speech_services_generate_messages_check_deps_RequestSoundTranscript[0m
[35m[1mScanning dependencies of target std_msgs_generate_messages_eus[0m
[  0%] Built target std_msgs_generate_messages_eus
[35m[1mScanning dependencies of target std_msgs_generate_messages_lisp[0m
[  0%] Built target _bwi_speech_services_generate_messages_check_deps_RequestSoundTranscript
[  0%] Built target std_msgs_generate_messages_lisp
[35m[1mScanning dependencies of target std_msgs_generate_messages_cpp[0m
[  0%] Built target std_msgs_generate_messages_cpp
[35m[1mScanning dependencies of target std_msgs_generate_messages_py[0m
[  0%] Built target std_msgs_generate_messages_py
[35m[1mScanning dependencies of target bwi_speech_services_generate_messages_nodejs[0m
[ 14%] [34m[1mGenerating Javascript code from bwi_speech_services/RequestSoundTranscript.srv[0m
[ 14%] Built target bwi_speech_services_generate_messages_nodejs
[35m[1mScanning dependencies of target bwi_speech_services_generate_messages_eus[0m
[35m[1mScanning dependencies of target bwi_speech_services_generate_messages_lisp[0m
[ 28%] [34m[1mGenerating EusLisp code from bwi_speech_services/RequestSoundTranscript.srv[0m
[ 42%] [34m[1mGenerating EusLisp manifest code for bwi_speech_services[0m
[ 57%] [34m[1mGenerating Lisp code from bwi_speech_services/RequestSoundTranscript.srv[0m
[ 57%] Built target bwi_speech_services_generate_messages_lisp
[35m[1mScanning dependencies of target bwi_speech_services_generate_messages_cpp[0m
[ 71%] [34m[1mGenerating C++ code from bwi_speech_services/RequestSoundTranscript.srv[0m
[35m[1mScanning dependencies of target bwi_speech_services_generate_messages_py[0m
[ 85%] [34m[1mGenerating Python code from SRV bwi_speech_services/RequestSoundTranscript[0m
[ 85%] Built target bwi_speech_services_generate_messages_cpp
[100%] [34m[1mGenerating Python srv __init__.py for bwi_speech_services[0m
[100%] Built target bwi_speech_services_generate_messages_py
[100%] Built target bwi_speech_services_generate_messages_eus
[35m[1mScanning dependencies of target bwi_speech_services_generate_messages[0m
[100%] Built target bwi_speech_services_generate_messages
