Linked: (/home/tracy/catkin_ws/devel/.private/bwi_speech_services/lib/pkgconfig/bwi_speech_services.pc, /home/tracy/catkin_ws/devel/lib/pkgconfig/bwi_speech_services.pc)
Linked: (/home/tracy/catkin_ws/devel/.private/bwi_speech_services/lib/python2.7/dist-packages/bwi_speech_services/__init__.py, /home/tracy/catkin_ws/devel/lib/python2.7/dist-packages/bwi_speech_services/__init__.py)
Linked: (/home/tracy/catkin_ws/devel/.private/bwi_speech_services/lib/python2.7/dist-packages/bwi_speech_services/srv/_RequestSoundTranscript.py, /home/tracy/catkin_ws/devel/lib/python2.7/dist-packages/bwi_speech_services/srv/_RequestSoundTranscript.py)
Linked: (/home/tracy/catkin_ws/devel/.private/bwi_speech_services/lib/python2.7/dist-packages/bwi_speech_services/srv/__init__.py, /home/tracy/catkin_ws/devel/lib/python2.7/dist-packages/bwi_speech_services/srv/__init__.py)
Linked: (/home/tracy/catkin_ws/devel/.private/bwi_speech_services/share/bwi_speech_services/cmake/bwi_speech_servicesConfig-version.cmake, /home/tracy/catkin_ws/devel/share/bwi_speech_services/cmake/bwi_speech_servicesConfig-version.cmake)
Linked: (/home/tracy/catkin_ws/devel/.private/bwi_speech_services/share/bwi_speech_services/cmake/bwi_speech_services-msg-paths.cmake, /home/tracy/catkin_ws/devel/share/bwi_speech_services/cmake/bwi_speech_services-msg-paths.cmake)
Linked: (/home/tracy/catkin_ws/devel/.private/bwi_speech_services/share/bwi_speech_services/cmake/bwi_speech_services-msg-extras.cmake, /home/tracy/catkin_ws/devel/share/bwi_speech_services/cmake/bwi_speech_services-msg-extras.cmake)
Linked: (/home/tracy/catkin_ws/devel/.private/bwi_speech_services/share/bwi_speech_services/cmake/bwi_speech_servicesConfig.cmake, /home/tracy/catkin_ws/devel/share/bwi_speech_services/cmake/bwi_speech_servicesConfig.cmake)
Linked: (/home/tracy/catkin_ws/devel/.private/bwi_speech_services/share/common-lisp/ros/bwi_speech_services/srv/_package.lisp, /home/tracy/catkin_ws/devel/share/common-lisp/ros/bwi_speech_services/srv/_package.lisp)
Linked: (/home/tracy/catkin_ws/devel/.private/bwi_speech_services/share/common-lisp/ros/bwi_speech_services/srv/RequestSoundTranscript.lisp, /home/tracy/catkin_ws/devel/share/common-lisp/ros/bwi_speech_services/srv/RequestSoundTranscript.lisp)
Linked: (/home/tracy/catkin_ws/devel/.private/bwi_speech_services/share/common-lisp/ros/bwi_speech_services/srv/_package_RequestSoundTranscript.lisp, /home/tracy/catkin_ws/devel/share/common-lisp/ros/bwi_speech_services/srv/_package_RequestSoundTranscript.lisp)
Linked: (/home/tracy/catkin_ws/devel/.private/bwi_speech_services/share/common-lisp/ros/bwi_speech_services/srv/bwi_speech_services-srv.asd, /home/tracy/catkin_ws/devel/share/common-lisp/ros/bwi_speech_services/srv/bwi_speech_services-srv.asd)
Linked: (/home/tracy/catkin_ws/devel/.private/bwi_speech_services/share/gennodejs/ros/bwi_speech_services/_index.js, /home/tracy/catkin_ws/devel/share/gennodejs/ros/bwi_speech_services/_index.js)
Linked: (/home/tracy/catkin_ws/devel/.private/bwi_speech_services/share/gennodejs/ros/bwi_speech_services/srv/_index.js, /home/tracy/catkin_ws/devel/share/gennodejs/ros/bwi_speech_services/srv/_index.js)
Linked: (/home/tracy/catkin_ws/devel/.private/bwi_speech_services/share/gennodejs/ros/bwi_speech_services/srv/RequestSoundTranscript.js, /home/tracy/catkin_ws/devel/share/gennodejs/ros/bwi_speech_services/srv/RequestSoundTranscript.js)
Linked: (/home/tracy/catkin_ws/devel/.private/bwi_speech_services/share/roseus/ros/bwi_speech_services/manifest.l, /home/tracy/catkin_ws/devel/share/roseus/ros/bwi_speech_services/manifest.l)
Linked: (/home/tracy/catkin_ws/devel/.private/bwi_speech_services/share/roseus/ros/bwi_speech_services/srv/RequestSoundTranscript.l, /home/tracy/catkin_ws/devel/share/roseus/ros/bwi_speech_services/srv/RequestSoundTranscript.l)
Linked: (/home/tracy/catkin_ws/devel/.private/bwi_speech_services/include/bwi_speech_services/RequestSoundTranscriptResponse.h, /home/tracy/catkin_ws/devel/include/bwi_speech_services/RequestSoundTranscriptResponse.h)
Linked: (/home/tracy/catkin_ws/devel/.private/bwi_speech_services/include/bwi_speech_services/RequestSoundTranscriptRequest.h, /home/tracy/catkin_ws/devel/include/bwi_speech_services/RequestSoundTranscriptRequest.h)
Linked: (/home/tracy/catkin_ws/devel/.private/bwi_speech_services/include/bwi_speech_services/RequestSoundTranscript.h, /home/tracy/catkin_ws/devel/include/bwi_speech_services/RequestSoundTranscript.h)
